C51 COMPILER V9.54   MAIN                                                                  04/27/2022 22:55:58 PAGE 1   


C51 COMPILER V9.54, COMPILATION OF MODULE MAIN
OBJECT MODULE PLACED IN .\Objects\main.obj
COMPILER INVOKED BY: D:\Keil5\C51\BIN\C51.EXE main.c OPTIMIZE(8,SPEED) BROWSE DEBUG OBJECTEXTEND PRINT(.\Listings\main.l
                    -st) TABS(2) OBJECT(.\Objects\main.obj)

line level    source

   1          #include <REGX52.H>
   2          #include <INTRINS.H>
   3          
   4          void Delay500us()   //@11.0592MHz
   5          {
   6   1        unsigned char i, j;
   7   1      
   8   1        _nop_();
   9   1        _nop_();
  10   1        i = 6;
  11   1        j = 93;
  12   1        do
  13   1        {
  14   2          while (--j);
  15   2        } while (--i);
  16   1      }
  17          
  18          
  19          void main(){
  20   1        while(1){
  21   2          P2 = 0xFE;
  22   2          Delay500us();
  23   2        }
  24   1      }


MODULE INFORMATION:   STATIC OVERLAYABLE
   CODE SIZE        =     19    ----
   CONSTANT SIZE    =   ----    ----
   XDATA SIZE       =   ----    ----
   PDATA SIZE       =   ----    ----
   DATA SIZE        =   ----    ----
   IDATA SIZE       =   ----    ----
   BIT SIZE         =   ----    ----
END OF MODULE INFORMATION.


C51 COMPILATION COMPLETE.  0 WARNING(S),  0 ERROR(S)
